<?xml version="1.0" encoding="UTF-8"?>
<!-- Generated by org.testng.reporters.JUnitReportReporter -->
<testsuite skipped="0" hostname="DESKTOP-90C26VK" name="com.automation.testcases.Tc2_selectfacility" tests="2" failures="0" timestamp="24 Feb 2020 11:38:49 GMT" time="0.017" errors="0">
  <testcase name="fourthclass" time="0.004" classname="com.automation.testcases.Tc2_selectfacility"/>
  <testcase name="fifthclass" time="0.013" classname="com.automation.testcases.Tc2_selectfacility"/>
</testsuite> <!-- com.automation.testcases.Tc2_selectfacility -->
